<?xml version="1.0" encoding="UTF-8"?>
<!-- Generated by org.testng.reporters.JUnitXMLReporter -->
<testsuite hostname="DESKTOP-0F9R1A5" ignored="0" name="Test" tests="4" failures="0" timestamp="2020-11-24T03:43:51 IST" time="0.088" errors="0">
  <testcase name="Androidapp" time="0.008" classname="qaclickacademy.AppiumTest"/>
  <testcase name="iosapp" time="0.001" classname="qaclickacademy.AppiumTest"/>
  <testcase name="BrowserAutomation" time="0.001" classname="qaclickacademy.SeleniumTest"/>
  <testcase name="UIelements" time="0.001" classname="qaclickacademy.SeleniumTest"/>
</testsuite> <!-- Test -->
