<?xml version="1.0" encoding="UTF-8"?>
<testng-results skipped="0" failed="0" ignored="0" total="4" passed="4">
  <reporter-output>
  </reporter-output>
  <suite name="Suite" duration-ms="88" started-at="2020-11-24T03:43:51 IST" finished-at="2020-11-24T03:43:51 IST">
    <groups>
    </groups>
    <test name="Test" duration-ms="88" started-at="2020-11-24T03:43:51 IST" finished-at="2020-11-24T03:43:51 IST">
      <class name="qaclickacademy.AppiumTest">
        <test-method status="PASS" signature="Androidapp()[pri:0, instance:qaclickacademy.AppiumTest@4b952a2d]" name="Androidapp" duration-ms="8" started-at="2020-11-24T03:43:51 IST" finished-at="2020-11-24T03:43:51 IST">
          <reporter-output>
          </reporter-output>
        </test-method> <!-- Androidapp -->
        <test-method status="PASS" signature="iosapp()[pri:0, instance:qaclickacademy.AppiumTest@4b952a2d]" name="iosapp" duration-ms="1" started-at="2020-11-24T03:43:51 IST" finished-at="2020-11-24T03:43:51 IST">
          <reporter-output>
          </reporter-output>
        </test-method> <!-- iosapp -->
      </class> <!-- qaclickacademy.AppiumTest -->
      <class name="qaclickacademy.SeleniumTest">
        <test-method status="PASS" signature="BrowserAutomation()[pri:0, instance:qaclickacademy.SeleniumTest@3159c4b8]" name="BrowserAutomation" duration-ms="1" started-at="2020-11-24T03:43:51 IST" finished-at="2020-11-24T03:43:51 IST">
          <reporter-output>
          </reporter-output>
        </test-method> <!-- BrowserAutomation -->
        <test-method status="PASS" signature="UIelements()[pri:0, instance:qaclickacademy.SeleniumTest@3159c4b8]" name="UIelements" duration-ms="1" started-at="2020-11-24T03:43:51 IST" finished-at="2020-11-24T03:43:51 IST">
          <reporter-output>
          </reporter-output>
        </test-method> <!-- UIelements -->
      </class> <!-- qaclickacademy.SeleniumTest -->
    </test> <!-- Test -->
  </suite> <!-- Suite -->
</testng-results>
