<?xml version="1.0" encoding="UTF-8"?>
<testsuite xmlns:xsi="http://www.w3.org/2001/XMLSchema-instance" xsi:noNamespaceSchemaLocation="https://maven.apache.org/surefire/maven-surefire-plugin/xsd/surefire-test-report-3.0.xsd" version="3.0" name="TestSuite" time="1.455" tests="4" errors="0" skipped="0" failures="0">
  <properties>
[...]
</properties>
  <testcase name="Androidapp" classname="qaclickacademy.AppiumTest" time="0.013">
    <system-out><![CDATA[Androidapp
]]></system-out>
  </testcase>
  <testcase name="iosapp" classname="qaclickacademy.AppiumTest" time="0.002">
    <system-out><![CDATA[iosapp
]]></system-out>
  </testcase>
  <testcase name="BrowserAutomation" classname="qaclickacademy.SeleniumTest" time="0.004">
    <system-out><![CDATA[BrowserAutomation
]]></system-out>
  </testcase>
  <testcase name="UIelements" classname="qaclickacademy.SeleniumTest" time="0.003">
    <system-out><![CDATA[UIelements
]]></system-out>
  </testcase>
</testsuite>